Fri Mar 11 2016 21:43:48 GMT-0700 (MST) - [Error: Error inserting motion data to API. Timestamp: undefined-2016-03T43:48:11.000Z]
Fri Mar 11 2016 21:46:36 GMT-0700 (MST) - [Error: Error inserting door data to API. Timestamp: 2016-03-11T21:46:36.000Z]
Fri Mar 11 2016 21:48:47 GMT-0700 (MST) - [Error: Error inserting door data to API. Timestamp: 2016-03-11T21:46:36.000Z]
Fri Mar 11 2016 21:48:53 GMT-0700 (MST) - [Error: Error inserting door data to API. Timestamp: 2016-03-11T21:48:53.000Z]
Fri Mar 11 2016 22:48:23 GMT-0700 (MST) - [Error: Error inserting door data to API. Timestamp: 2016-03-11T21:46:36.000Z]
Fri Mar 11 2016 22:48:23 GMT-0700 (MST) - [Error: Error inserting door data to API. Timestamp: 2016-03-11T21:48:53.000Z]
Fri Mar 11 2016 22:48:29 GMT-0700 (MST) - [Error: Error inserting door data to API. Timestamp: 2016-03-11T22:48:29.000Z]
Fri Mar 11 2016 22:49:58 GMT-0700 (MST) - [Error: Error inserting door data to API. Timestamp: 2016-03-11T21:46:36.000Z]
Fri Mar 11 2016 22:49:58 GMT-0700 (MST) - [Error: Error inserting door data to API. Timestamp: 2016-03-11T22:48:29.000Z]
Fri Mar 11 2016 22:49:58 GMT-0700 (MST) - [Error: Error inserting door data to API. Timestamp: 2016-03-11T21:48:53.000Z]
Fri Mar 11 2016 22:50:04 GMT-0700 (MST) - [Error: Error inserting door data to API. Timestamp: 2016-03-11T22:50:04.000Z]
Fri Mar 11 2016 23:00:13 GMT-0700 (MST) - [Error: Error on the first API GET]
Fri Mar 11 2016 23:00:14 GMT-0700 (MST) - [Error: Error inserting door data to API. Timestamp: 2016-03-11T21:48:53.000Z]
Fri Mar 11 2016 23:00:14 GMT-0700 (MST) - [Error: Error inserting door data to API. Timestamp: 2016-03-11T22:50:04.000Z]
Fri Mar 11 2016 23:00:14 GMT-0700 (MST) - [Error: Error inserting door data to API. Timestamp: 2016-03-11T22:48:29.000Z]
Fri Mar 11 2016 23:00:14 GMT-0700 (MST) - [Error: Error inserting door data to API. Timestamp: 2016-03-11T21:46:36.000Z]
Fri Mar 11 2016 23:00:18 GMT-0700 (MST) - [Error: Error inserting temperature data to API. Timestamp: 2016-03-11T23:00:17.000Z]
Fri Mar 11 2016 23:00:18 GMT-0700 (MST) - [Error: Error inserting humidity data to API. Timestamp: 2016-03-11T23:00:17.000Z]
Fri Mar 11 2016 23:00:18 GMT-0700 (MST) - [Error: Error inserting door data to API. Timestamp: 2016-03-11T23:00:18.000Z]
Fri Mar 11 2016 23:00:22 GMT-0700 (MST) - [Error: Error inserting temperature data to API. Timestamp: 2016-03-11T23:00:22.000Z]
Fri Mar 11 2016 23:00:22 GMT-0700 (MST) - [Error: Error inserting humidity data to API. Timestamp: 2016-03-11T23:00:22.000Z]
